245 nets failed to route:
 g_arbiters[4].u_arbiter_unit.grant[0_bF$buf3]
 g_arbiters[3].u_arbiter_unit.grant[1_bF$buf3]
 g_input_side[1].u_input_unit.out_data[2]
 g_arbiters[0].u_arbiter_unit.grant[0]
 g_input_side[1].u_input_unit.out_data[18]
 g_arbiters[1].u_arbiter_unit.grant[1_bF$buf4]
 _1648_
 g_arbiters[3].u_arbiter_unit.grant[2_bF$buf1]
 g_arbiters[4].u_arbiter_unit.grant[2_bF$buf1]
 g_input_side[0].u_input_unit.out_data[18]
 _2387_
 _2399_
 _2636_
 g_input_side[1].u_input_unit.out_data[7]
 _2639_
 _939_
 g_input_side[4].u_input_unit.out_data[11]
 _1779_
 g_input_side[4].u_input_unit.out_data[9]
 _3215_
 _2838_
 _102_
 g_input_side[4].u_input_unit.out_data[13]
 g_arbiters[1].u_arbiter_unit.grant[1]
 _904_
 _1728_
 g_arbiters[3].u_arbiter_unit.req[3]
 g_arbiters[4].u_arbiter_unit.grant[0_bF$buf4]
 _938_
 g_input_side[1].u_input_unit.out_data[19]
 g_output_side[3].u_output_unit.xbar_data[20]
 g_arbiters[1].u_arbiter_unit.grant[2_bF$buf2]
 _1012_
 g_arbiters[4].u_arbiter_unit.grant[4_bF$buf2]
 _1757_
 _2660_
 _2807_
 _2620_
 _2822_
 g_input_side[0].u_input_unit.out_data[3]
 g_arbiters[3].u_arbiter_unit.grant[3_bF$buf1]
 g_output_side[2].u_output_unit.xbar_data[8]
 g_input_side[1].u_input_unit.out_data[23]
 g_arbiters[2].u_arbiter_unit.grant[4_bF$buf5]
 g_arbiters[2].u_arbiter_unit.grant[4_bF$buf0]
 _2604_
 _921_
 _2810_
 g_input_side[0].u_input_unit.out_data[13]
 _489_
 _3024_
 _940_
 _886_
 _1701_
 _2818_
 _2551_
 _892_
 g_arbiters[1].u_arbiter_unit.grant[4_bF$buf5]
 g_output_side[2].u_output_unit.xbar_data[11]
 _1798_
 _2370_
 _1803_
 _4031_
 _3013_
 _2518_
 g_input_side[3].u_input_unit.mem[1][7]
 _2998_
 _2987_
 _2938_
 _3000_
 g_input_side[0].u_input_unit.mem[2][23]
 _3053_
 _3256_
 _3727_
 g_arbiters[4].u_arbiter_unit.grant[1_bF$buf4]
 g_arbiters[4].u_arbiter_unit.grant[2]
 g_input_side[1].u_input_unit.out_data[9]
 _2644_
 g_arbiters[0].u_arbiter_unit.grant[3_bF$buf0]
 _2363_
 _976_
 _126_
 _947_
 g_arbiters[1].u_arbiter_unit.grant[3_bF$buf2]
 _902_
 _2624_
 g_arbiters[3].u_arbiter_unit.grant[4_bF$buf0]
 g_input_side[1].u_input_unit.out_data[4]
 _4007_
 _2809_
 g_arbiters[3].u_arbiter_unit.grant[3_bF$buf6]
 g_arbiters[4].u_arbiter_unit.grant[2_bF$buf6]
 _2596_
 _1751_
 g_input_side[1].u_input_unit.out_data[3]
 g_input_side[0].u_input_unit.out_data[8]
 _2369_
 _2648_
 _894_
 _2600_
 g_input_side[1].u_input_unit.out_data[13]
 g_arbiters[2].u_arbiter_unit.grant[3]
 _2834_
 _2580_
 _2393_
 g_input_side[4].u_routing_unit.req_port[2]
 g_input_side[4].u_routing_unit.req_port[1]
 _4035_
 g_arbiters[3].u_arbiter_unit.grant[3]
 g_input_side[4].u_input_unit.out_data[14]
 g_input_side[4].u_input_unit.out_data[12]
 g_arbiters[1].u_arbiter_unit.grant[0]
 g_arbiters[0].u_arbiter_unit.grant[1_bF$buf3]
 _2640_
 _1793_
 _1723_
 g_arbiters[4].u_arbiter_unit.grant[1_bF$buf2]
 _2543_
 g_arbiters[3].u_arbiter_unit.grant[1_bF$buf4]
 g_arbiters[2].u_arbiter_unit.grant[1_bF$buf2]
 g_arbiters[4].u_arbiter_unit.grant[1]
 _3992_
 g_input_side[4].u_input_unit.out_data[18]
 g_arbiters[4].u_arbiter_unit.grant[2_bF$buf2]
 g_arbiters[2].u_arbiter_unit.grant[2_bF$buf0]
 g_input_side[0].u_input_unit.out_data[16]
 g_input_side[0].u_input_unit.out_data[14]
 g_input_side[4].u_input_unit.out_data[4]
 _122_
 _2588_
 g_arbiters[0].u_arbiter_unit.grant[4_bF$buf5]
 _2650_
 _4002_
 _1805_
 _2652_
 _2394_
 _948_
 g_input_side[0].u_input_unit.out_data[19]
 _2798_
 _2556_
 g_arbiters[1].u_arbiter_unit.grant[2_bF$buf0]
 g_input_side[1].u_input_unit.out_data[10]
 _2365_
 g_input_side[1].u_input_unit.out_data[22]
 g_arbiters[1].u_arbiter_unit.grant[2_bF$buf4]
 g_input_side[1].u_input_unit.out_data[1]
 g_arbiters[3].u_arbiter_unit.grant[2_bF$buf4]
 _1358_
 _1791_
 g_arbiters[4].u_arbiter_unit.grant[1_bF$buf0]
 g_arbiters[3].u_arbiter_unit.grant[2_bF$buf0]
 _2560_
 g_arbiters[4].u_arbiter_unit.grant[2_bF$buf3]
 _2799_
 _2584_
 _2656_
 g_arbiters[1].u_arbiter_unit.grant[2_bF$buf6]
 _2859_
 g_arbiters[3].u_arbiter_unit.grant[1_bF$buf1]
 g_arbiters[0].u_arbiter_unit.grant[2_bF$buf3]
 g_arbiters[0].u_arbiter_unit.grant[3_bF$buf2]
 _1696_
 _987_
 _928_
 g_arbiters[4].u_arbiter_unit.grant[2_bF$buf0]
 _2571_
 g_input_side[0].u_input_unit.out_data[12]
 g_input_side[0].u_input_unit.out_data[20]
 _4050_
 _2634_
 _2853_
 g_arbiters[4].u_arbiter_unit.grant[2_bF$buf5]
 g_input_side[4].u_input_unit.out_data[1]
 _2659_
 _2672_
 g_arbiters[0].u_arbiter_unit.grant[2_bF$buf2]
 _1384_
 g_input_side[1].u_input_unit.out_data[17]
 _2572_
 g_arbiters[2].u_arbiter_unit.grant[0_bF$buf3]
 g_arbiters[2].u_arbiter_unit.grant[3_bF$buf1]
 _2648_
 g_arbiters[1].u_arbiter_unit.req[2]
 g_arbiters[2].u_arbiter_unit.grant[2_bF$buf3]
 _1268_
 g_input_side[0].u_input_unit.out_data[9]
 _1360_
 _1704_
 _1738_
 g_arbiters[2].u_arbiter_unit.grant[2_bF$buf4]
 _1375_
 _2529_
 g_arbiters[3].u_arbiter_unit.grant[2]
 _1732_
 _1330_
 _2628_
 g_output_side[2].u_output_unit.xbar_data[4]
 g_arbiters[2].u_arbiter_unit.grant[3_bF$buf2]
 g_input_side[1].u_input_unit.out_data[0]
 g_arbiters[0].u_arbiter_unit.req[4]
 g_input_side[4].u_input_unit.out_data[14]
 _2380_
 g_arbiters[0].u_arbiter_unit.grant[0_bF$buf0]
 _2826_
 _1749_
 g_input_side[1].u_input_unit.out_data[11]
 _2795_
 g_arbiters[0].u_arbiter_unit.grant[3_bF$buf4]
 _2670_
 g_arbiters[1].u_arbiter_unit.grant[3_bF$buf3]
 _2541_
 _910_
 _2850_
 _2841_
 _912_
 g_input_side[0].u_input_unit.out_data[17]
 g_input_side[0].u_input_unit.out_data[15]
 g_arbiters[2].u_arbiter_unit.grant[1_bF$buf0]
 _1659_
 _1784_
 _2854_
 _2375_
 g_arbiters[0].u_arbiter_unit.grant[2_bF$buf0]
 _2609_
 _2612_
 g_input_side[4].u_input_unit.out_data[8]
 g_input_side[1].u_input_unit.out_data[16]
 g_input_side[1].u_input_unit.out_data[8]
 _1783_
 g_arbiters[3].u_arbiter_unit.grant[0]
 g_arbiters[2].u_arbiter_unit.grant[0_bF$buf4]
 g_arbiters[4].u_arbiter_unit.grant[1_bF$buf1]
 _1015__bF$buf0
 _100_
 _1751__bF$buf2
 _2564_
 _2577_
 _2858__bF$buf0
 _2668_
 g_arbiters[1].u_arbiter_unit.grant[3_bF$buf6]
 g_arbiters[2].u_arbiter_unit.grant[2_bF$buf2]
 g_input_side[1].u_input_unit.out_data[5]
 g_input_side[1].u_input_unit.out_data[14]
 g_arbiters[4].u_arbiter_unit.grant[4_bF$buf5]
 _2802_
